<?xml version="1.0" encoding="UTF-8"?>
<!-- Generated by org.testng.reporters.JUnitXMLReporter -->
<testsuite hostname="HBADT4500552" ignored="0" name="Amazon" tests="3" failures="1" timestamp="31 Jan 2021 08:58:47 GMT" time="68.855" errors="0">
  <testcase name="searchItemDDT" time="18.692" classname="com.qa.testscripts.TC_AmazonSearchItemDDT_003"/>
  <testcase name="searchItemDDT" time="8.156" classname="com.qa.testscripts.TC_AmazonSearchItemDDT_003">
    <failure type="java.lang.AssertionError" message="expected [true] but found [false]">
      <![CDATA[java.lang.AssertionError: expected [true] but found [false]
at com.qa.testscripts.TC_AmazonSearchItemDDT_003.searchItemDDT(TC_AmazonSearchItemDDT_003.java:44)
... Removed 29 stack frames]]>
    </failure>
  </testcase> <!-- searchItemDDT -->
  <testcase name="searchItemDDT" time="7.486" classname="com.qa.testscripts.TC_AmazonSearchItemDDT_003"/>
</testsuite> <!-- Amazon -->
