<?xml version="1.0" encoding="UTF-8"?>
<testng-results skipped="0" failed="1" ignored="0" total="3" passed="2">
  <reporter-output>
    <line>
      <![CDATA[There are items displayed]]>
    </line>
    <line>
      <![CDATA[The Da Vinci Code: (Robert Langdon Book 2)]]>
    </line>
    <line>
      <![CDATA[The Da Vinci Code (Abridged Edition)]]>
    </line>
    <line>
      <![CDATA[The Da Vinci Code]]>
    </line>
    <line>
      <![CDATA[THE DA VINCI CODE : A QUEST FOR ANSWERS (Hindi) हिंदी]]>
    </line>
    <line>
      <![CDATA[Davinci Code]]>
    </line>
    <line>
      <![CDATA[Da Vinci: El Codigo Secreto / the Secret Code]]>
    </line>
    <line>
      <![CDATA[Da vinci code]]>
    </line>
    <line>
      <![CDATA[Da vinci Code]]>
    </line>
    <line>
      <![CDATA[Battle for Power]]>
    </line>
    <line>
      <![CDATA[Terror on the Divine]]>
    </line>
    <line>
      <![CDATA[The Da Vinci Code (Movie Edition)]]>
    </line>
    <line>
      <![CDATA[The Da Vinci Code]]>
    </line>
    <line>
      <![CDATA[The da Vinci code]]>
    </line>
    <line>
      <![CDATA[The Da Vinci Code]]>
    </line>
    <line>
      <![CDATA[Angels and Demons + The Da Vinci Code + The Lost Symbol(Set of 3 Books)]]>
    </line>
    <line>
      <![CDATA[The Da Vinci Code: The Adventures of Professor 007 and Kate Burn: book I]]>
    </line>
    <line>
      <![CDATA[‫شيفرة دافنتشي‬ (Arabic Edition)]]>
    </line>
    <line>
      <![CDATA[The Da Vinci Code (SparkNotes Literature Guide) (SparkNotes Literature Guide Series)]]>
    </line>
    <line>
      <![CDATA[The Complete Novels of Sherlock Holmes]]>
    </line>
    <line>
      <![CDATA[The Last Nazi: a WW2 spy conspiracy thriller (A Joe Johnson Thriller, Book 1)]]>
    </line>
    <line>
      <![CDATA[The Krishna Key]]>
    </line>
    <line>
      <![CDATA[The Murder on the Links (Agatha Christie Facsimile Edtn)]]>
    </line>
    <line>
      <![CDATA[There are no items displayed]]>
    </line>
    <line>
      <![CDATA[There are items displayed]]>
    </line>
    <line>
      <![CDATA[OnePlus 8T 5G (Lunar Silver, 8GB RAM, 128GB Storage)]]>
    </line>
    <line>
      <![CDATA[Lava Pulse Mobile Phone - with BP & Heart Rate Monitor (Gold)]]>
    </line>
    <line>
      <![CDATA[Panasonic Eluga i7 (2GB RAM, 16GB Storage, Finger Print Sensor, 4000mAh Battery) (Black)]]>
    </line>
    <line>
      <![CDATA[Redmi 9 (Sky Blue, 4GB RAM, 64GB Storage)]]>
    </line>
    <line>
      <![CDATA[Samsung Galaxy M21 (Midnight Blue, 4GB RAM, 64GB Storage)]]>
    </line>
    <line>
      <![CDATA[Samsung Galaxy M01 (Blue, 3GB RAM, 32GB Storage) with No Cost EMI/Additional Exchange Offers]]>
    </line>
    <line>
      <![CDATA[Samsung Galaxy M31 (Ocean Blue, 6GB RAM, 128GB Storage)]]>
    </line>
    <line>
      <![CDATA[Redmi Note 9 Pro (Interstellar Black, 4GB RAM, 64GB Storage)- Latest 8nm Snapdragon 720G & Alexa Hands-Free | Upto 6 Months No Cost EMI]]>
    </line>
    <line>
      <![CDATA[Samsung Galaxy M02s (Blue,4GB RAM, 64GB Storage) | 5000 mAh | Triple Camera]]>
    </line>
    <line>
      <![CDATA[Redmi 8A Dual (Sea Blue, 3GB RAM, 32GB Storage) – Dual Cameras & 5,000 mAH Battery]]>
    </line>
    <line>
      <![CDATA[Nokia 225 4G Dual SIM Feature Phone with Long Battery Life, Camera, Multiplayer Games, and Premium Finish – Black Colour]]>
    </line>
    <line>
      <![CDATA[Samsung Galaxy M01 Core (Blue, 1GB RAM, 16GB Storage) with No Cost EMI/Additional Exchange Offers]]>
    </line>
    <line>
      <![CDATA[Samsung Galaxy M01 Core (Red, 2GB RAM, 32GB Storage) with No Cost EMI/Additional Exchange Offers]]>
    </line>
    <line>
      <![CDATA[Nokia 105 Single SIM (Black)]]>
    </line>
    <line>
      <![CDATA[itel A48 (Gradation Green, 2GB RAM, 32GB Storage)]]>
    </line>
    <line>
      <![CDATA[TRIO T8 Boss Feature Mobile Phone with, Dual SIM Card, Powerful Battery, Stereo Sound, Bright LED Torch, Call Recorder | Palm Friendly Grip with 2.4" QVGA TFT Screen, (Champagne Gold)…]]>
    </line>
    <line>
      <![CDATA[Samsung Galaxy M31s (Mirage Blue, 6GB RAM, 128GB Storage)]]>
    </line>
    <line>
      <![CDATA[Redmi 9A (Nature Green, 2GB Ram, 32GB Storage)]]>
    </line>
    <line>
      <![CDATA[OPPO A5S (Black, 3GB RAM, 32GB Storage) With No Cost EMI/Additional Exchange Offers]]>
    </line>
    <line>
      <![CDATA[GLE Virtual Reality Headset Glasses Anti-Radiation Adjustable Screen Compatible with All Smartphones (White)]]>
    </line>
    <line>
      <![CDATA[Samsung Galaxy M21 (Raven Black, 4GB RAM, 64GB Storage)]]>
    </line>
    <line>
      <![CDATA[Redmi 8A Dual (Sky White, 3GB RAM, 64GB Storage) – Dual Cameras & 5,000 mAH Battery]]>
    </line>
    <line>
      <![CDATA[Redmi 9A (Sea Blue, 2GB Ram, 32GB Storage)]]>
    </line>
    <line>
      <![CDATA[Samsung Galaxy M01 Core (Black, 2GB RAM, 32GB Storage) with No Cost EMI/Additional Exchange Offers]]>
    </line>
    <line>
      <![CDATA[Redmi 9A (Midnight Black, 2GB RAM, 32GB Storage)]]>
    </line>
    <line>
      <![CDATA[Samsung Galaxy M31 (Space Black, 6GB RAM, 128GB Storage)]]>
    </line>
    <line>
      <![CDATA[I KALL K320 4G Dual Sim Smart Phone (Purple, 4GB RAM, 64GB Storage, 6.53 Inch)]]>
    </line>
    <line>
      <![CDATA[Redmi Note 9 Pro (Glacier White, 4GB RAM, 64GB Storage) - Latest 8nm Snapdragon 720G & Alexa Hands-Free | Upto 6 Months No Cost EMI]]>
    </line>
  </reporter-output>
  <suite name="Suite" duration-ms="68855" started-at="2021-01-31T08:57:38Z" finished-at="2021-01-31T08:58:47Z">
    <groups>
    </groups>
    <test name="Amazon" duration-ms="68855" started-at="2021-01-31T08:57:38Z" finished-at="2021-01-31T08:58:47Z">
      <class name="com.qa.testscripts.TC_AmazonSearchItemDDT_003">
        <test-method status="PASS" signature="setUp(java.lang.String)[pri:0, instance:com.qa.testscripts.TC_AmazonSearchItemDDT_003@67b92f0a]" name="setUp" is-config="true" duration-ms="27266" started-at="2021-01-31T08:57:39Z" finished-at="2021-01-31T08:58:06Z">
          <params>
            <param index="0">
              <value>
                <![CDATA[chrome]]>
              </value>
            </param>
          </params>
          <reporter-output>
          </reporter-output>
        </test-method> <!-- setUp -->
        <test-method status="PASS" signature="loadPages()[pri:0, instance:com.qa.testscripts.TC_AmazonSearchItemDDT_003@67b92f0a]" name="loadPages" is-config="true" duration-ms="366" started-at="2021-01-31T08:58:11Z" finished-at="2021-01-31T08:58:11Z">
          <reporter-output>
          </reporter-output>
        </test-method> <!-- loadPages -->
        <test-method status="PASS" signature="searchItemDDT(java.lang.String, java.lang.String)[pri:0, instance:com.qa.testscripts.TC_AmazonSearchItemDDT_003@67b92f0a]" name="searchItemDDT" duration-ms="18692" started-at="2021-01-31T08:58:11Z" data-provider="DataSource" finished-at="2021-01-31T08:58:30Z">
          <params>
            <param index="0">
              <value>
                <![CDATA[Books]]>
              </value>
            </param>
            <param index="1">
              <value>
                <![CDATA[Da vinci code]]>
              </value>
            </param>
          </params>
          <reporter-output>
            <line>
              <![CDATA[There are items displayed]]>
            </line>
            <line>
              <![CDATA[The Da Vinci Code: (Robert Langdon Book 2)]]>
            </line>
            <line>
              <![CDATA[The Da Vinci Code (Abridged Edition)]]>
            </line>
            <line>
              <![CDATA[The Da Vinci Code]]>
            </line>
            <line>
              <![CDATA[THE DA VINCI CODE : A QUEST FOR ANSWERS (Hindi) हिंदी]]>
            </line>
            <line>
              <![CDATA[Davinci Code]]>
            </line>
            <line>
              <![CDATA[Da Vinci: El Codigo Secreto / the Secret Code]]>
            </line>
            <line>
              <![CDATA[Da vinci code]]>
            </line>
            <line>
              <![CDATA[Da vinci Code]]>
            </line>
            <line>
              <![CDATA[Battle for Power]]>
            </line>
            <line>
              <![CDATA[Terror on the Divine]]>
            </line>
            <line>
              <![CDATA[The Da Vinci Code (Movie Edition)]]>
            </line>
            <line>
              <![CDATA[The Da Vinci Code]]>
            </line>
            <line>
              <![CDATA[The da Vinci code]]>
            </line>
            <line>
              <![CDATA[The Da Vinci Code]]>
            </line>
            <line>
              <![CDATA[Angels and Demons + The Da Vinci Code + The Lost Symbol(Set of 3 Books)]]>
            </line>
            <line>
              <![CDATA[The Da Vinci Code: The Adventures of Professor 007 and Kate Burn: book I]]>
            </line>
            <line>
              <![CDATA[‫شيفرة دافنتشي‬ (Arabic Edition)]]>
            </line>
            <line>
              <![CDATA[The Da Vinci Code (SparkNotes Literature Guide) (SparkNotes Literature Guide Series)]]>
            </line>
            <line>
              <![CDATA[The Complete Novels of Sherlock Holmes]]>
            </line>
            <line>
              <![CDATA[The Last Nazi: a WW2 spy conspiracy thriller (A Joe Johnson Thriller, Book 1)]]>
            </line>
            <line>
              <![CDATA[The Krishna Key]]>
            </line>
            <line>
              <![CDATA[The Murder on the Links (Agatha Christie Facsimile Edtn)]]>
            </line>
          </reporter-output>
        </test-method> <!-- searchItemDDT -->
        <test-method status="PASS" signature="loadPages()[pri:0, instance:com.qa.testscripts.TC_AmazonSearchItemDDT_003@67b92f0a]" name="loadPages" is-config="true" duration-ms="1" started-at="2021-01-31T08:58:30Z" finished-at="2021-01-31T08:58:30Z">
          <reporter-output>
          </reporter-output>
        </test-method> <!-- loadPages -->
        <test-method status="FAIL" signature="searchItemDDT(java.lang.String, java.lang.String)[pri:0, instance:com.qa.testscripts.TC_AmazonSearchItemDDT_003@67b92f0a]" name="searchItemDDT" duration-ms="8156" started-at="2021-01-31T08:58:30Z" data-provider="DataSource" finished-at="2021-01-31T08:58:38Z">
          <params>
            <param index="0">
              <value>
                <![CDATA[Furniture]]>
              </value>
            </param>
            <param index="1">
              <value>
                <![CDATA[Wooden Tables]]>
              </value>
            </param>
          </params>
          <exception class="java.lang.AssertionError">
            <message>
              <![CDATA[expected [true] but found [false]]]>
            </message>
            <full-stacktrace>
              <![CDATA[java.lang.AssertionError: expected [true] but found [false]
at org.testng.Assert.fail(Assert.java:96)
at org.testng.Assert.failNotEquals(Assert.java:776)
at org.testng.Assert.assertTrue(Assert.java:44)
at org.testng.Assert.assertTrue(Assert.java:54)
at com.qa.testscripts.TC_AmazonSearchItemDDT_003.searchItemDDT(TC_AmazonSearchItemDDT_003.java:44)
at sun.reflect.NativeMethodAccessorImpl.invoke0(Native Method)
at sun.reflect.NativeMethodAccessorImpl.invoke(NativeMethodAccessorImpl.java:62)
at sun.reflect.DelegatingMethodAccessorImpl.invoke(DelegatingMethodAccessorImpl.java:43)
at java.lang.reflect.Method.invoke(Method.java:498)
at org.testng.internal.MethodInvocationHelper.invokeMethod(MethodInvocationHelper.java:124)
at org.testng.internal.Invoker.invokeMethod(Invoker.java:583)
at org.testng.internal.Invoker.invokeTestMethod(Invoker.java:719)
at org.testng.internal.Invoker.invokeTestMethods(Invoker.java:989)
at org.testng.internal.TestMethodWorker.invokeTestMethods(TestMethodWorker.java:125)
at org.testng.internal.TestMethodWorker.run(TestMethodWorker.java:109)
at org.testng.TestRunner.privateRun(TestRunner.java:648)
at org.testng.TestRunner.run(TestRunner.java:505)
at org.testng.SuiteRunner.runTest(SuiteRunner.java:455)
at org.testng.SuiteRunner.runSequentially(SuiteRunner.java:450)
at org.testng.SuiteRunner.privateRun(SuiteRunner.java:415)
at org.testng.SuiteRunner.run(SuiteRunner.java:364)
at org.testng.SuiteRunnerWorker.runSuite(SuiteRunnerWorker.java:52)
at org.testng.SuiteRunnerWorker.run(SuiteRunnerWorker.java:84)
at org.testng.TestNG.runSuitesSequentially(TestNG.java:1208)
at org.testng.TestNG.runSuitesLocally(TestNG.java:1137)
at org.testng.TestNG.runSuites(TestNG.java:1049)
at org.testng.TestNG.run(TestNG.java:1017)
at org.testng.remote.AbstractRemoteTestNG.run(AbstractRemoteTestNG.java:114)
at org.testng.remote.RemoteTestNG.initAndRun(RemoteTestNG.java:251)
at org.testng.remote.RemoteTestNG.main(RemoteTestNG.java:77)
]]>
            </full-stacktrace>
          </exception> <!-- java.lang.AssertionError -->
          <reporter-output>
            <line>
              <![CDATA[There are no items displayed]]>
            </line>
          </reporter-output>
        </test-method> <!-- searchItemDDT -->
        <test-method status="PASS" signature="loadPages()[pri:0, instance:com.qa.testscripts.TC_AmazonSearchItemDDT_003@67b92f0a]" name="loadPages" is-config="true" duration-ms="2" started-at="2021-01-31T08:58:38Z" finished-at="2021-01-31T08:58:38Z">
          <reporter-output>
          </reporter-output>
        </test-method> <!-- loadPages -->
        <test-method status="PASS" signature="searchItemDDT(java.lang.String, java.lang.String)[pri:0, instance:com.qa.testscripts.TC_AmazonSearchItemDDT_003@67b92f0a]" name="searchItemDDT" duration-ms="7486" started-at="2021-01-31T08:58:38Z" data-provider="DataSource" finished-at="2021-01-31T08:58:46Z">
          <params>
            <param index="0">
              <value>
                <![CDATA[Electronics]]>
              </value>
            </param>
            <param index="1">
              <value>
                <![CDATA[Mobile phones]]>
              </value>
            </param>
          </params>
          <reporter-output>
            <line>
              <![CDATA[There are items displayed]]>
            </line>
            <line>
              <![CDATA[OnePlus 8T 5G (Lunar Silver, 8GB RAM, 128GB Storage)]]>
            </line>
            <line>
              <![CDATA[Lava Pulse Mobile Phone - with BP & Heart Rate Monitor (Gold)]]>
            </line>
            <line>
              <![CDATA[Panasonic Eluga i7 (2GB RAM, 16GB Storage, Finger Print Sensor, 4000mAh Battery) (Black)]]>
            </line>
            <line>
              <![CDATA[Redmi 9 (Sky Blue, 4GB RAM, 64GB Storage)]]>
            </line>
            <line>
              <![CDATA[Samsung Galaxy M21 (Midnight Blue, 4GB RAM, 64GB Storage)]]>
            </line>
            <line>
              <![CDATA[Samsung Galaxy M01 (Blue, 3GB RAM, 32GB Storage) with No Cost EMI/Additional Exchange Offers]]>
            </line>
            <line>
              <![CDATA[Samsung Galaxy M31 (Ocean Blue, 6GB RAM, 128GB Storage)]]>
            </line>
            <line>
              <![CDATA[Redmi Note 9 Pro (Interstellar Black, 4GB RAM, 64GB Storage)- Latest 8nm Snapdragon 720G & Alexa Hands-Free | Upto 6 Months No Cost EMI]]>
            </line>
            <line>
              <![CDATA[Samsung Galaxy M02s (Blue,4GB RAM, 64GB Storage) | 5000 mAh | Triple Camera]]>
            </line>
            <line>
              <![CDATA[Redmi 8A Dual (Sea Blue, 3GB RAM, 32GB Storage) – Dual Cameras & 5,000 mAH Battery]]>
            </line>
            <line>
              <![CDATA[Nokia 225 4G Dual SIM Feature Phone with Long Battery Life, Camera, Multiplayer Games, and Premium Finish – Black Colour]]>
            </line>
            <line>
              <![CDATA[Samsung Galaxy M01 Core (Blue, 1GB RAM, 16GB Storage) with No Cost EMI/Additional Exchange Offers]]>
            </line>
            <line>
              <![CDATA[Samsung Galaxy M01 Core (Red, 2GB RAM, 32GB Storage) with No Cost EMI/Additional Exchange Offers]]>
            </line>
            <line>
              <![CDATA[Nokia 105 Single SIM (Black)]]>
            </line>
            <line>
              <![CDATA[itel A48 (Gradation Green, 2GB RAM, 32GB Storage)]]>
            </line>
            <line>
              <![CDATA[TRIO T8 Boss Feature Mobile Phone with, Dual SIM Card, Powerful Battery, Stereo Sound, Bright LED Torch, Call Recorder | Palm Friendly Grip with 2.4" QVGA TFT Screen, (Champagne Gold)…]]>
            </line>
            <line>
              <![CDATA[Samsung Galaxy M31s (Mirage Blue, 6GB RAM, 128GB Storage)]]>
            </line>
            <line>
              <![CDATA[Redmi 9A (Nature Green, 2GB Ram, 32GB Storage)]]>
            </line>
            <line>
              <![CDATA[OPPO A5S (Black, 3GB RAM, 32GB Storage) With No Cost EMI/Additional Exchange Offers]]>
            </line>
            <line>
              <![CDATA[GLE Virtual Reality Headset Glasses Anti-Radiation Adjustable Screen Compatible with All Smartphones (White)]]>
            </line>
            <line>
              <![CDATA[Samsung Galaxy M21 (Raven Black, 4GB RAM, 64GB Storage)]]>
            </line>
            <line>
              <![CDATA[Redmi 8A Dual (Sky White, 3GB RAM, 64GB Storage) – Dual Cameras & 5,000 mAH Battery]]>
            </line>
            <line>
              <![CDATA[Redmi 9A (Sea Blue, 2GB Ram, 32GB Storage)]]>
            </line>
            <line>
              <![CDATA[Samsung Galaxy M01 Core (Black, 2GB RAM, 32GB Storage) with No Cost EMI/Additional Exchange Offers]]>
            </line>
            <line>
              <![CDATA[Redmi 9A (Midnight Black, 2GB RAM, 32GB Storage)]]>
            </line>
            <line>
              <![CDATA[Samsung Galaxy M31 (Space Black, 6GB RAM, 128GB Storage)]]>
            </line>
            <line>
              <![CDATA[I KALL K320 4G Dual Sim Smart Phone (Purple, 4GB RAM, 64GB Storage, 6.53 Inch)]]>
            </line>
            <line>
              <![CDATA[Redmi Note 9 Pro (Glacier White, 4GB RAM, 64GB Storage) - Latest 8nm Snapdragon 720G & Alexa Hands-Free | Upto 6 Months No Cost EMI]]>
            </line>
          </reporter-output>
        </test-method> <!-- searchItemDDT -->
        <test-method status="PASS" signature="tearDown()[pri:0, instance:com.qa.testscripts.TC_AmazonSearchItemDDT_003@67b92f0a]" name="tearDown" is-config="true" duration-ms="1119" started-at="2021-01-31T08:58:46Z" finished-at="2021-01-31T08:58:47Z">
          <reporter-output>
          </reporter-output>
        </test-method> <!-- tearDown -->
      </class> <!-- com.qa.testscripts.TC_AmazonSearchItemDDT_003 -->
    </test> <!-- Amazon -->
  </suite> <!-- Suite -->
</testng-results>
